Lide com o erro no microserviço autenticação e analise se os demais vão gerar erros similares. Em seguida, execute o commit e o push do microserviço de autenticação. Segue os erros do workflow novamente: [INFO]  T E S T S
  [INFO] -------------------------------------------------------
  [INFO] Running br.tec.facilitaservicos.autenticacao.service.AuthServiceTest
  Mockito is currently self-attaching to enable the inline-mock-maker. This will no longer work in future releases of the JDK. Please add Mockito as an agent to your build as described in Mockito's documentation: https://javadoc.io/doc/org.mockito/mockito-core/latest/org.mockito/org/mockito/Mockito.html#0.3
  WARNING: A Java agent has been loaded dynamically (/home/runner/.m2/repository/net/bytebuddy/byte-buddy-agent/1.17.7/byte-buddy-agent-1.17.7.jar)
  WARNING: If a serviceability tool is in use, please run with -XX:+EnableDynamicAgentLoading to hide this warning
  WARNING: If a serviceability tool is not in use, please run with -Djdk.instrument.traceUsage for more information
  WARNING: Dynamic loading of agents will be disallowed by default in a future release
  OpenJDK 64-Bit Server VM warning: Sharing is only supported for boot loader classes because bootstrap classpath has been appended
  07:35:47.046 [boundedElastic-1] ERROR br.tec.facilitaservicos.autenticacao.service.AuthService -- Erro na autenticação: Cannot invoke "reactor.core.publisher.Mono.thenReturn(Object)" because the return value of "br.tec.facilitaservicos.autenticacao.repository.UsuarioRepository.updateTentativasLoginFalidas(java.lang.Long, int)" is null
  07:35:47.088 [boundedElastic-1] ERROR br.tec.facilitaservicos.autenticacao.service.AuthService -- Erro na autenticação: Senha inválida
  07:35:47.111 [boundedElastic-1] ERROR br.tec.facilitaservicos.autenticacao.service.AuthService -- Erro na autenticação: Senha inválida
  07:35:47.122 [main] ERROR br.tec.facilitaservicos.autenticacao.service.AuthService -- Erro na renovação: Refresh token inválido
  07:35:47.134 [boundedElastic-1] ERROR br.tec.facilitaservicos.autenticacao.service.AuthService -- Erro na autenticação: Senha inválida
  07:35:47.143 [main] ERROR br.tec.facilitaservicos.autenticacao.service.AuthService -- Erro na autenticação: Usuário não encontrado
  07:35:47.153 [main] WARN br.tec.facilitaservicos.autenticacao.service.AuthService -- Erro ao criar resposta de introspecção: Index: 0
  07:35:47.186 [boundedElastic-1] ERROR br.tec.facilitaservicos.autenticacao.service.AuthService -- Erro na autenticação: Senha inválida
  07:35:47.194 [main] ERROR br.tec.facilitaservicos.autenticacao.service.AuthService -- Erro na renovação: Cannot invoke "reactor.core.publisher.Mono.thenReturn(Object)" because the return value of "br.tec.facilitaservicos.autenticacao.repository.RefreshTokenRepository.deactivateToken(String)" is null
  Error:  Tests run: 11, Failures: 6, Errors: 1, Skipped: 0, Time elapsed: 1.369 s <<< FAILURE! -- in br.tec.facilitaservicos.autenticacao.service.AuthServiceTest
  Error:  br.tec.facilitaservicos.autenticacao.service.AuthServiceTest.deveRealizarAutenticacaoComSucessoQuandoCredenciaisValidas -- Time elapsed: 1.216 s <<< FAILURE!
  java.lang.AssertionError: expectation "expectNextMatches" failed (expected: onNext(); actual: onError(java.lang.NullPointerException: Cannot invoke "reactor.core.publisher.Mono.thenReturn(Object)" because the return value of "br.tec.facilitaservicos.autenticacao.repository.UsuarioRepository.updateTentativasLoginFalidas(java.lang.Long, int)" is null))
      at reactor.test.MessageFormatter.assertionError(MessageFormatter.java:115)
      at reactor.test.MessageFormatter.failPrefix(MessageFormatter.java:104)
      at reactor.test.MessageFormatter.fail(MessageFormatter.java:73)
      at reactor.test.MessageFormatter.failOptional(MessageFormatter.java:88)
      at reactor.test.DefaultStepVerifierBuilder.lambda$expectNextMatches$11(DefaultStepVerifierBuilder.java:556)
      at reactor.test.DefaultStepVerifierBuilder$SignalEvent.test(DefaultStepVerifierBuilder.java:2289)
      at reactor.test.DefaultStepVerifierBuilder$DefaultVerifySubscriber.onSignal(DefaultStepVerifierBuilder.java:1529)
      at reactor.test.DefaultStepVerifierBuilder$DefaultVerifySubscriber.onExpectation(DefaultStepVerifierBuilder.java:1477)
      at reactor.test.DefaultStepVerifierBuilder$DefaultVerifySubscriber.onError(DefaultStepVerifierBuilder.java:1129)
      at reactor.core.publisher.MonoPeekTerminal$MonoTerminalPeekSubscriber.onError(MonoPeekTerminal.java:258)
      at reactor.core.publisher.MonoPeekTerminal$MonoTerminalPeekSubscriber.onError(MonoPeekTerminal.java:258)
      at reactor.core.publisher.MonoFlatMap$FlatMapMain.secondError(MonoFlatMap.java:241)
      at reactor.core.publisher.MonoFlatMap$FlatMapInner.onError(MonoFlatMap.java:315)
      at reactor.core.publisher.MonoFlatMap$FlatMapMain.onNext(MonoFlatMap.java:136)
      at reactor.core.publisher.MonoFlatMap$FlatMapMain.secondComplete(MonoFlatMap.java:245)
      at reactor.core.publisher.MonoFlatMap$FlatMapInner.onNext(MonoFlatMap.java:305)
      at reactor.core.publisher.FluxMapFuseable$MapFuseableSubscriber.onNext(FluxMapFuseable.java:129)
      at reactor.core.publisher.Operators$ScalarSubscription.request(Operators.java:2570)
      at reactor.core.publisher.FluxMapFuseable$MapFuseableSubscriber.request(FluxMapFuseable.java:171)
      at reactor.core.publisher.MonoFlatMap$FlatMapInner.onSubscribe(MonoFlatMap.java:291)
      at reactor.core.publisher.FluxMapFuseable$MapFuseableSubscriber.onSubscribe(FluxMapFuseable.java:96)
      at reactor.core.publisher.MonoJust.subscribe(MonoJust.java:55)
      at reactor.core.publisher.Mono.subscribe(Mono.java:4576)
      at reactor.core.publisher.FluxFlatMap.trySubscribeScalarMap(FluxFlatMap.java:202)
      at reactor.core.publisher.MonoFlatMap.subscribeOrReturn(MonoFlatMap.java:53)
      at reactor.core.publisher.InternalMonoOperator.subscribe(InternalMonoOperator.java:63)
      at reactor.core.publisher.MonoFlatMap$FlatMapMain.onNext(MonoFlatMap.java:165)
      at reactor.core.publisher.FluxSubscribeOnCallable$CallableSubscribeOnSubscription.run(FluxSubscribeOnCallable.java:252)
      at reactor.core.scheduler.SchedulerTask.call(SchedulerTask.java:68)
      at reactor.core.scheduler.SchedulerTask.call(SchedulerTask.java:28)
      at java.base/java.util.concurrent.FutureTask.run(FutureTask.java:328)
      at java.base/java.util.concurrent.ScheduledThreadPoolExecutor$ScheduledFutureTask.run(ScheduledThreadPoolExecutor.java:309)
      at java.base/java.util.concurrent.ThreadPoolExecutor.runWorker(ThreadPoolExecutor.java:1095)
      at java.base/java.util.concurrent.ThreadPoolExecutor$Worker.run(ThreadPoolExecutor.java:619)
      at java.base/java.lang.Thread.run(Thread.java:1447)
      Suppressed: java.lang.NullPointerException: Cannot invoke "reactor.core.publisher.Mono.thenReturn(Object)" because the return value of "br.tec.facilitaservicos.autenticacao.repository.UsuarioRepository.updateTentativasLoginFalidas(java.lang.Long, int)" is null
          at br.tec.facilitaservicos.autenticacao.service.AuthService.lambda$validateUserAndGenerateTokens$2(AuthService.java:146)
          at reactor.core.publisher.MonoFlatMap$FlatMapMain.onNext(MonoFlatMap.java:132)
          ... 21 more

  Error:  br.tec.facilitaservicos.autenticacao.service.AuthServiceTest.deveFalharAutenticacaoQuandoEmailNaoVerificado -- Time elapsed: 0.023 s <<< FAILURE!
  org.mockito.exceptions.verification.NoInteractionsWanted: 

  No interactions wanted here:
  -> at br.tec.facilitaservicos.autenticacao.service.AuthServiceTest.deveFalharAutenticacaoQuandoEmailNaoVerificado(AuthServiceTest.java:195)
  But found these interactions on mock 'passwordEncoder':
  -> at br.tec.facilitaservicos.autenticacao.service.AuthService.lambda$validateUserAndGenerateTokens$0(AuthService.java:122)
  Actually, above is the only interaction with this mock.
      at br.tec.facilitaservicos.autenticacao.service.AuthServiceTest.deveFalharAutenticacaoQuandoEmailNaoVerificado(AuthServiceTest.java:195)
      at java.base/java.lang.reflect.Method.invoke(Method.java:565)
      at java.base/java.util.ArrayList.forEach(ArrayList.java:1604)
      at java.base/java.util.ArrayList.forEach(ArrayList.java:1604)

  Error:  br.tec.facilitaservicos.autenticacao.service.AuthServiceTest.deveFalharAutenticacaoQuandoUsuarioInativo -- Time elapsed: 0.008 s <<< FAILURE!
  org.mockito.exceptions.verification.NoInteractionsWanted: 

  No interactions wanted here:
  -> at br.tec.facilitaservicos.autenticacao.service.AuthServiceTest.deveFalharAutenticacaoQuandoUsuarioInativo(AuthServiceTest.java:177)
  But found these interactions on mock 'passwordEncoder':
  -> at br.tec.facilitaservicos.autenticacao.service.AuthService.lambda$validateUserAndGenerateTokens$0(AuthService.java:122)
  Actually, above is the only interaction with this mock.
      at br.tec.facilitaservicos.autenticacao.service.AuthServiceTest.deveFalharAutenticacaoQuandoUsuarioInativo(AuthServiceTest.java:177)
      at java.base/java.lang.reflect.Method.invoke(Method.java:565)
      at java.base/java.util.ArrayList.forEach(ArrayList.java:1604)
      at java.base/java.util.ArrayList.forEach(ArrayList.java:1604)

  Error:  br.tec.facilitaservicos.autenticacao.service.AuthServiceTest.deveFalharAutenticacaoQuandoContaBloqueada -- Time elapsed: 0.011 s <<< FAILURE!
  org.mockito.exceptions.verification.NoInteractionsWanted: 

  No interactions wanted here:
  -> at br.tec.facilitaservicos.autenticacao.service.AuthServiceTest.deveFalharAutenticacaoQuandoContaBloqueada(AuthServiceTest.java:159)
  But found these interactions on mock 'passwordEncoder':
  -> at br.tec.facilitaservicos.autenticacao.service.AuthService.lambda$validateUserAndGenerateTokens$0(AuthService.java:122)
  Actually, above is the only interaction with this mock.
      at br.tec.facilitaservicos.autenticacao.service.AuthServiceTest.deveFalharAutenticacaoQuandoContaBloqueada(AuthServiceTest.java:159)
      at java.base/java.lang.reflect.Method.invoke(Method.java:565)
      at java.base/java.util.ArrayList.forEach(ArrayList.java:1604)
      at java.base/java.util.ArrayList.forEach(ArrayList.java:1604)

  Error:  br.tec.facilitaservicos.autenticacao.service.AuthServiceTest.deveRealizarIntrospeccaoComTokenValido -- Time elapsed: 0.030 s <<< FAILURE!
  java.lang.AssertionError: expectation "expectNextMatches" failed (predicate failed on value: RespostaIntrospeccaoDTO[ativo=false, subject=null, emissor=null, audiencia=null, expiracao=null, emissao=null, escopo=null, clienteId=null, tipoToken=null, nomeUsuario=null, autoridades=null])
      at reactor.test.MessageFormatter.assertionError(MessageFormatter.java:115)
      at reactor.test.MessageFormatter.failPrefix(MessageFormatter.java:104)
      at reactor.test.MessageFormatter.fail(MessageFormatter.java:73)
      at reactor.test.MessageFormatter.failOptional(MessageFormatter.java:88)
      at reactor.test.DefaultStepVerifierBuilder.lambda$expectNextMatches$11(DefaultStepVerifierBuilder.java:559)
      at reactor.test.DefaultStepVerifierBuilder$SignalEvent.test(DefaultStepVerifierBuilder.java:2289)
      at reactor.test.DefaultStepVerifierBuilder$DefaultVerifySubscriber.onSignal(DefaultStepVerifierBuilder.java:1529)
      at reactor.test.DefaultStepVerifierBuilder$DefaultVerifySubscriber.onExpectation(DefaultStepVerifierBuilder.java:1477)
      at reactor.test.DefaultStepVerifierBuilder$DefaultVerifySubscriber.onNext(DefaultStepVerifierBuilder.java:1146)
      at reactor.core.publisher.FluxPeek$PeekSubscriber.onNext(FluxPeek.java:200)
      at reactor.core.publisher.FluxOnErrorReturn$ReturnSubscriber.onNext(FluxOnErrorReturn.java:162)
      at reactor.core.publisher.FluxMapFuseable$MapFuseableSubscriber.onNext(FluxMapFuseable.java:129)
      at reactor.core.publisher.Operators$ScalarSubscription.request(Operators.java:2570)
      at reactor.core.publisher.FluxMapFuseable$MapFuseableSubscriber.request(FluxMapFuseable.java:171)
      at reactor.core.publisher.FluxOnErrorReturn$ReturnSubscriber.request(FluxOnErrorReturn.java:153)
      at reactor.core.publisher.FluxPeek$PeekSubscriber.request(FluxPeek.java:138)
      at reactor.test.DefaultStepVerifierBuilder$DefaultVerifySubscriber.onSubscribe(DefaultStepVerifierBuilder.java:1161)
      at reactor.core.publisher.FluxPeek$PeekSubscriber.onSubscribe(FluxPeek.java:171)
      at reactor.core.publisher.FluxOnErrorReturn$ReturnSubscriber.onSubscribe(FluxOnErrorReturn.java:95)
      at reactor.core.publisher.FluxMapFuseable$MapFuseableSubscriber.onSubscribe(FluxMapFuseable.java:96)
      at reactor.core.publisher.MonoJust.subscribe(MonoJust.java:55)
      at reactor.core.publisher.Mono.subscribe(Mono.java:4576)
      at reactor.test.DefaultStepVerifierBuilder$DefaultStepVerifier.toVerifierAndSubscribe(DefaultStepVerifierBuilder.java:891)
      at reactor.test.DefaultStepVerifierBuilder$DefaultStepVerifier.verify(DefaultStepVerifierBuilder.java:831)
      at reactor.test.DefaultStepVerifierBuilder$DefaultStepVerifier.verify(DefaultStepVerifierBuilder.java:823)
      at reactor.test.DefaultStepVerifierBuilder.verifyComplete(DefaultStepVerifierBuilder.java:690)
      at br.tec.facilitaservicos.autenticacao.service.AuthServiceTest.deveRealizarIntrospeccaoComTokenValido(AuthServiceTest.java:292)
      at java.base/java.lang.reflect.Method.invoke(Method.java:565)
      at java.base/java.util.ArrayList.forEach(ArrayList.java:1604)
      at java.base/java.util.ArrayList.forEach(ArrayList.java:1604)

  Error:  br.tec.facilitaservicos.autenticacao.service.AuthServiceTest.deveRevogarRefreshTokenComSucesso -- Time elapsed: 0.006 s <<< ERROR!
  java.lang.NullPointerException: Cannot invoke "reactor.core.publisher.Mono.doOnSuccess(java.util.function.Consumer)" because the return value of "br.tec.facilitaservicos.autenticacao.repository.RefreshTokenRepository.revokeToken(String)" is null
      at br.tec.facilitaservicos.autenticacao.service.AuthService.revoke(AuthService.java:103)
      at br.tec.facilitaservicos.autenticacao.service.AuthServiceTest.deveRevogarRefreshTokenComSucesso(AuthServiceTest.java:273)
      at java.base/java.lang.reflect.Method.invoke(Method.java:565)
      at java.base/java.util.ArrayList.forEach(ArrayList.java:1604)
      at java.base/java.util.ArrayList.forEach(ArrayList.java:1604)

  Error:  br.tec.facilitaservicos.autenticacao.service.AuthServiceTest.deveRenovarTokenComSucessoQuandoRefreshTokenValido -- Time elapsed: 0.008 s <<< FAILURE!
  java.lang.AssertionError: expectation "expectNextMatches" failed (expected: onNext(); actual: onError(java.lang.NullPointerException: Cannot invoke "reactor.core.publisher.Mono.thenReturn(Object)" because the return value of "br.tec.facilitaservicos.autenticacao.repository.RefreshTokenRepository.deactivateToken(String)" is null))
      at reactor.test.MessageFormatter.assertionError(MessageFormatter.java:115)
      at reactor.test.MessageFormatter.failPrefix(MessageFormatter.java:104)
      at reactor.test.MessageFormatter.fail(MessageFormatter.java:73)
      at reactor.test.MessageFormatter.failOptional(MessageFormatter.java:88)
      at reactor.test.DefaultStepVerifierBuilder.lambda$expectNextMatches$11(DefaultStepVerifierBuilder.java:556)
      at reactor.test.DefaultStepVerifierBuilder$SignalEvent.test(DefaultStepVerifierBuilder.java:2289)
      at reactor.test.DefaultStepVerifierBuilder$DefaultVerifySubscriber.onSignal(DefaultStepVerifierBuilder.java:1529)
      at reactor.test.DefaultStepVerifierBuilder$DefaultVerifySubscriber.onExpectation(DefaultStepVerifierBuilder.java:1477)
      at reactor.test.DefaultStepVerifierBuilder$DefaultVerifySubscriber.onError(DefaultStepVerifierBuilder.java:1129)
      at reactor.core.publisher.MonoPeekTerminal$MonoTerminalPeekSubscriber.onError(MonoPeekTerminal.java:258)
      at reactor.core.publisher.MonoPeekTerminal$MonoTerminalPeekSubscriber.onError(MonoPeekTerminal.java:258)
      at reactor.core.publisher.MonoFlatMap$FlatMapMain.secondError(MonoFlatMap.java:241)
      at reactor.core.publisher.MonoFlatMap$FlatMapInner.onError(MonoFlatMap.java:315)
      at reactor.core.publisher.Operators.error(Operators.java:198)
      at reactor.core.publisher.FluxFlatMap.trySubscribeScalarMap(FluxFlatMap.java:162)
      at reactor.core.publisher.MonoFlatMap.subscribeOrReturn(MonoFlatMap.java:53)
      at reactor.core.publisher.Mono.subscribe(Mono.java:4560)
      at reactor.core.publisher.FluxFlatMap.trySubscribeScalarMap(FluxFlatMap.java:202)
      at reactor.core.publisher.MonoFlatMap.subscribeOrReturn(MonoFlatMap.java:53)
      at reactor.core.publisher.Mono.subscribe(Mono.java:4560)
      at reactor.core.publisher.FluxFlatMap.trySubscribeScalarMap(FluxFlatMap.java:202)
      at reactor.core.publisher.MonoFlatMap.subscribeOrReturn(MonoFlatMap.java:53)
      at reactor.core.publisher.InternalMonoOperator.subscribe(InternalMonoOperator.java:63)
      at reactor.core.publisher.MonoFlatMap$FlatMapMain.onNext(MonoFlatMap.java:165)
      at reactor.core.publisher.FluxSwitchIfEmpty$SwitchIfEmptySubscriber.onNext(FluxSwitchIfEmpty.java:74)
      at reactor.core.publisher.FluxFilter$FilterSubscriber.onNext(FluxFilter.java:113)
      at reactor.core.publisher.FluxSwitchIfEmpty$SwitchIfEmptySubscriber.onNext(FluxSwitchIfEmpty.java:74)
      at reactor.core.publisher.Operators$ScalarSubscription.request(Operators.java:2570)
      at reactor.core.publisher.Operators$MultiSubscriptionSubscriber.set(Operators.java:2366)
      at reactor.core.publisher.Operators$MultiSubscriptionSubscriber.onSubscribe(Operators.java:2240)
      at reactor.core.publisher.MonoJust.subscribe(MonoJust.java:55)
      at reactor.core.publisher.Mono.subscribe(Mono.java:4576)
      at reactor.test.DefaultStepVerifierBuilder$DefaultStepVerifier.toVerifierAndSubscribe(DefaultStepVerifierBuilder.java:891)
      at reactor.test.DefaultStepVerifierBuilder$DefaultStepVerifier.verify(DefaultStepVerifierBuilder.java:831)
      at reactor.test.DefaultStepVerifierBuilder$DefaultStepVerifier.verify(DefaultStepVerifierBuilder.java:823)
      at reactor.test.DefaultStepVerifierBuilder.verifyComplete(DefaultStepVerifierBuilder.java:690)
      at br.tec.facilitaservicos.autenticacao.service.AuthServiceTest.deveRenovarTokenComSucessoQuandoRefreshTokenValido(AuthServiceTest.java:230)
      at java.base/java.lang.reflect.Method.invoke(Method.java:565)
      at java.base/java.util.ArrayList.forEach(ArrayList.java:1604)
      at java.base/java.util.ArrayList.forEach(ArrayList.java:1604)
      Suppressed: java.lang.NullPointerException: Cannot invoke "reactor.core.publisher.Mono.thenReturn(Object)" because the return value of "br.tec.facilitaservicos.autenticacao.repository.RefreshTokenRepository.deactivateToken(String)" is null
          at br.tec.facilitaservicos.autenticacao.service.AuthService.lambda$renewTokens$1(AuthService.java:194)
          at reactor.core.publisher.FluxFlatMap.trySubscribeScalarMap(FluxFlatMap.java:153)
          ... 25 more

  [INFO] Running br.tec.facilitaservicos.autenticacao.service.BasicServiceTest
  [INFO] Tests run: 3, Failures: 0, Errors: 0, Skipped: 0, Time elapsed: 0.098 s -- in br.tec.facilitaservicos.autenticacao.service.BasicServiceTest
  [INFO] Running br.tec.facilitaservicos.autenticacao.service.JwtServiceTest
  07:35:47.524 [main] WARN br.tec.facilitaservicos.autenticacao.service.JwtService -- Erro ao validar access token: KeyVault error
  07:35:47.633 [boundedElastic-1] ERROR br.tec.facilitaservicos.autenticacao.service.JwtService -- Erro ao gerar access token para usuário 1: Invalid private RSA key: java.security.ProviderException: Key algorithm should not be null
  07:35:47.640 [boundedElastic-1] ERROR br.tec.facilitaservicos.autenticacao.service.JwtService -- Erro ao gerar access token para usuário 1: Invalid private RSA key: java.security.ProviderException: Key algorithm should not be null
  07:35:47.655 [boundedElastic-1] WARN br.tec.facilitaservicos.autenticacao.service.JwtService -- Erro ao validar access token: Invalid JWS header: Invalid JSON object
  Error:  Tests run: 7, Failures: 2, Errors: 2, Skipped: 0, Time elapsed: 0.337 s <<< FAILURE! -- in br.tec.facilitaservicos.autenticacao.service.JwtServiceTest
  Error:  br.tec.facilitaservicos.autenticacao.service.JwtServiceTest.deveFalharAoGerarAccessTokenQuandoErroKeyVault -- Time elapsed: 0.004 s <<< ERROR!
  java.lang.NullPointerException: p2
      at java.base/java.util.Objects.requireNonNull(Objects.java:246)
      at reactor.core.publisher.MonoZip.<init>(MonoZip.java:60)
      at reactor.core.publisher.Mono.zip(Mono.java:1201)
      at reactor.core.publisher.Mono.zipWith(Mono.java:5335)
      at reactor.core.publisher.Mono.zipWith(Mono.java:5304)
      at br.tec.facilitaservicos.autenticacao.service.JwtService.generateAccessToken(JwtService.java:58)
      at br.tec.facilitaservicos.autenticacao.service.JwtServiceTest.deveFalharAoGerarAccessTokenQuandoErroKeyVault(JwtServiceTest.java:151)
      at java.base/java.lang.reflect.Method.invoke(Method.java:565)
      at java.base/java.util.ArrayList.forEach(ArrayList.java:1604)
      at java.base/java.util.ArrayList.forEach(ArrayList.java:1604)

  Error:  br.tec.facilitaservicos.autenticacao.service.JwtServiceTest.deveCriarClaimsCorretosParaUsuario -- Time elapsed: 0.049 s <<< FAILURE!
  java.lang.AssertionError: expectation "expectNextMatches" failed (expected: onNext(); actual: onError(com.nimbusds.jose.JOSEException: Invalid private RSA key: java.security.ProviderException: Key algorithm should not be null))
      at reactor.test.MessageFormatter.assertionError(MessageFormatter.java:115)
      at reactor.test.MessageFormatter.failPrefix(MessageFormatter.java:104)
      at reactor.test.MessageFormatter.fail(MessageFormatter.java:73)
      at reactor.test.MessageFormatter.failOptional(MessageFormatter.java:88)
      at reactor.test.DefaultStepVerifierBuilder.lambda$expectNextMatches$11(DefaultStepVerifierBuilder.java:556)
      at reactor.test.DefaultStepVerifierBuilder$SignalEvent.test(DefaultStepVerifierBuilder.java:2289)
      at reactor.test.DefaultStepVerifierBuilder$DefaultVerifySubscriber.onSignal(DefaultStepVerifierBuilder.java:1529)
      at reactor.test.DefaultStepVerifierBuilder$DefaultVerifySubscriber.onExpectation(DefaultStepVerifierBuilder.java:1477)
      at reactor.test.DefaultStepVerifierBuilder$DefaultVerifySubscriber.onError(DefaultStepVerifierBuilder.java:1129)
      at reactor.core.publisher.MonoPeekTerminal$MonoTerminalPeekSubscriber.onError(MonoPeekTerminal.java:258)
      at reactor.core.publisher.MonoPeekTerminal$MonoTerminalPeekSubscriber.onError(MonoPeekTerminal.java:258)
      at reactor.core.publisher.MonoFlatMap$FlatMapMain.secondError(MonoFlatMap.java:241)
      at reactor.core.publisher.MonoFlatMap$FlatMapInner.onError(MonoFlatMap.java:315)
      at reactor.core.publisher.FluxSubscribeOnCallable$CallableSubscribeOnSubscription.run(FluxSubscribeOnCallable.java:231)
      at reactor.core.scheduler.SchedulerTask.call(SchedulerTask.java:68)
      at reactor.core.scheduler.SchedulerTask.call(SchedulerTask.java:28)
      at java.base/java.util.concurrent.FutureTask.run(FutureTask.java:328)
      at java.base/java.util.concurrent.ScheduledThreadPoolExecutor$ScheduledFutureTask.run(ScheduledThreadPoolExecutor.java:309)
      at java.base/java.util.concurrent.ThreadPoolExecutor.runWorker(ThreadPoolExecutor.java:1095)
      at java.base/java.util.concurrent.ThreadPoolExecutor$Worker.run(ThreadPoolExecutor.java:619)
      at java.base/java.lang.Thread.run(Thread.java:1447)
      Suppressed: com.nimbusds.jose.JOSEException: Invalid private RSA key: java.security.ProviderException: Key algorithm should not be null
          at com.nimbusds.jose.crypto.RSASSASigner.getInitiatedSignature(RSASSASigner.java:289)
          at com.nimbusds.jose.crypto.RSASSASigner.sign(RSASSASigner.java:256)
          at com.nimbusds.jose.JWSObject.sign(JWSObject.java:299)
          at br.tec.facilitaservicos.autenticacao.service.JwtService.createAccessToken(JwtService.java:171)
          at br.tec.facilitaservicos.autenticacao.service.JwtService.lambda$generateAccessToken$1(JwtService.java:63)
          at reactor.core.publisher.MonoCallable.call(MonoCallable.java:72)
          at reactor.core.publisher.FluxSubscribeOnCallable$CallableSubscribeOnSubscription.run(FluxSubscribeOnCallable.java:228)
          ... 7 more
      Caused by: java.security.InvalidKeyException: java.security.ProviderException: Key algorithm should not be null
          at java.base/sun.security.rsa.RSAKeyFactory.toRSAKey(RSAKeyFactory.java:131)
          at java.base/sun.security.rsa.RSASignature.engineInitSign(RSASignature.java:111)
          at java.base/sun.security.rsa.RSASignature.engineInitSign(RSASignature.java:103)
          at java.base/java.security.Signature$Delegate.tryOperation(Signature.java:1321)
          at java.base/java.security.Signature$Delegate.chooseProvider(Signature.java:1275)
          at java.base/java.security.Signature$Delegate.engineInitSign(Signature.java:1359)
          at java.base/java.security.Signature.initSign(Signature.java:635)
          at com.nimbusds.jose.crypto.RSASSASigner.getInitiatedSignature(RSASSASigner.java:287)
          ... 13 more
      Caused by: java.security.ProviderException: Key algorithm should not be null
          at java.base/sun.security.rsa.RSAUtil.requireNonNull(RSAUtil.java:78)
          at java.base/sun.security.rsa.RSAUtil$KeyType.lookup(RSAUtil.java:63)
          at java.base/sun.security.rsa.RSAKeyFactory.toRSAKey(RSAKeyFactory.java:127)
          ... 20 more

  Error:  br.tec.facilitaservicos.autenticacao.service.JwtServiceTest.deveGerarAccessTokenComSucesso -- Time elapsed: 0.005 s <<< FAILURE!
  java.lang.AssertionError: expectation "expectNextMatches" failed (expected: onNext(); actual: onError(com.nimbusds.jose.JOSEException: Invalid private RSA key: java.security.ProviderException: Key algorithm should not be null))
      at reactor.test.MessageFormatter.assertionError(MessageFormatter.java:115)
      at reactor.test.MessageFormatter.failPrefix(MessageFormatter.java:104)
      at reactor.test.MessageFormatter.fail(MessageFormatter.java:73)
      at reactor.test.MessageFormatter.failOptional(MessageFormatter.java:88)
      at reactor.test.DefaultStepVerifierBuilder.lambda$expectNextMatches$11(DefaultStepVerifierBuilder.java:556)
      at reactor.test.DefaultStepVerifierBuilder$SignalEvent.test(DefaultStepVerifierBuilder.java:2289)
      at reactor.test.DefaultStepVerifierBuilder$DefaultVerifySubscriber.onSignal(DefaultStepVerifierBuilder.java:1529)
      at reactor.test.DefaultStepVerifierBuilder$DefaultVerifySubscriber.onExpectation(DefaultStepVerifierBuilder.java:1477)
      at reactor.test.DefaultStepVerifierBuilder$DefaultVerifySubscriber.onError(DefaultStepVerifierBuilder.java:1129)
      at reactor.core.publisher.MonoPeekTerminal$MonoTerminalPeekSubscriber.onError(MonoPeekTerminal.java:258)
      at reactor.core.publisher.MonoPeekTerminal$MonoTerminalPeekSubscriber.onError(MonoPeekTerminal.java:258)
      at reactor.core.publisher.MonoFlatMap$FlatMapMain.secondError(MonoFlatMap.java:241)
      at reactor.core.publisher.MonoFlatMap$FlatMapInner.onError(MonoFlatMap.java:315)
      at reactor.core.publisher.FluxSubscribeOnCallable$CallableSubscribeOnSubscription.run(FluxSubscribeOnCallable.java:231)
      at reactor.core.scheduler.SchedulerTask.call(SchedulerTask.java:68)
      at reactor.core.scheduler.SchedulerTask.call(SchedulerTask.java:28)
      at java.base/java.util.concurrent.FutureTask.run(FutureTask.java:328)
      at java.base/java.util.concurrent.ScheduledThreadPoolExecutor$ScheduledFutureTask.run(ScheduledThreadPoolExecutor.java:309)
      at java.base/java.util.concurrent.ThreadPoolExecutor.runWorker(ThreadPoolExecutor.java:1095)
      at java.base/java.util.concurrent.ThreadPoolExecutor$Worker.run(ThreadPoolExecutor.java:619)
      at java.base/java.lang.Thread.run(Thread.java:1447)
      Suppressed: com.nimbusds.jose.JOSEException: Invalid private RSA key: java.security.ProviderException: Key algorithm should not be null
          at com.nimbusds.jose.crypto.RSASSASigner.getInitiatedSignature(RSASSASigner.java:289)
          at com.nimbusds.jose.crypto.RSASSASigner.sign(RSASSASigner.java:256)
          at com.nimbusds.jose.JWSObject.sign(JWSObject.java:299)
          at br.tec.facilitaservicos.autenticacao.service.JwtService.createAccessToken(JwtService.java:171)
          at br.tec.facilitaservicos.autenticacao.service.JwtService.lambda$generateAccessToken$1(JwtService.java:63)
          at reactor.core.publisher.MonoCallable.call(MonoCallable.java:72)
          at reactor.core.publisher.FluxSubscribeOnCallable$CallableSubscribeOnSubscription.run(FluxSubscribeOnCallable.java:228)
          ... 7 more
      Caused by: java.security.InvalidKeyException: java.security.ProviderException: Key algorithm should not be null
          at java.base/sun.security.rsa.RSAKeyFactory.toRSAKey(RSAKeyFactory.java:131)
          at java.base/sun.security.rsa.RSASignature.engineInitSign(RSASignature.java:111)
          at java.base/sun.security.rsa.RSASignature.engineInitSign(RSASignature.java:103)
          at java.base/java.security.Signature$Delegate.tryOperation(Signature.java:1321)
          at java.base/java.security.Signature$Delegate.chooseProvider(Signature.java:1275)
          at java.base/java.security.Signature$Delegate.engineInitSign(Signature.java:1359)
          at java.base/java.security.Signature.initSign(Signature.java:635)
          at com.nimbusds.jose.crypto.RSASSASigner.getInitiatedSignature(RSASSASigner.java:287)
          ... 13 more
      Caused by: java.security.ProviderException: Key algorithm should not be null
          at java.base/sun.security.rsa.RSAUtil.requireNonNull(RSAUtil.java:78)
          at java.base/sun.security.rsa.RSAUtil$KeyType.lookup(RSAUtil.java:63)
          at java.base/sun.security.rsa.RSAKeyFactory.toRSAKey(RSAKeyFactory.java:127)
          ... 20 more

  Error:  br.tec.facilitaservicos.autenticacao.service.JwtServiceTest.deveFalharAoGerarJwkSetQuandoErroKeyVault -- Time elapsed: 0.003 s <<< ERROR!
  java.lang.NullPointerException: p2
      at java.base/java.util.Objects.requireNonNull(Objects.java:246)
      at reactor.core.publisher.MonoZip.<init>(MonoZip.java:60)
      at reactor.core.publisher.Mono.zip(Mono.java:1201)
      at reactor.core.publisher.Mono.zipWith(Mono.java:5335)
      at reactor.core.publisher.Mono.zipWith(Mono.java:5304)
      at br.tec.facilitaservicos.autenticacao.service.JwtService.generateJwkSet(JwtService.java:110)
      at br.tec.facilitaservicos.autenticacao.service.JwtServiceTest.deveFalharAoGerarJwkSetQuandoErroKeyVault(JwtServiceTest.java:182)
      at java.base/java.lang.reflect.Method.invoke(Method.java:565)
      at java.base/java.util.ArrayList.forEach(ArrayList.java:1604)
      at java.base/java.util.ArrayList.forEach(ArrayList.java:1604)

  [INFO] Running br.tec.facilitaservicos.autenticacao.service.UserValidationServiceTest
  07:35:47.731 [main] WARN br.tec.facilitaservicos.autenticacao.service.UserValidationService -- � Fallback ativado para validação de token: Service unavailable
  07:35:47.756 [main] WARN br.tec.facilitaservicos.autenticacao.service.UserValidationService -- � Fallback ativado para busca de usuário 1: Database unavailable
  Error:  Tests run: 9, Failures: 1, Errors: 0, Skipped: 0, Time elapsed: 0.099 s <<< FAILURE! -- in br.tec.facilitaservicos.autenticacao.service.UserValidationServiceTest
  Error:  br.tec.facilitaservicos.autenticacao.service.UserValidationServiceTest.deveRetornarUsuarioAnonimoQuandoNaoEncontrado -- Time elapsed: 0.030 s <<< FAILURE!
  java.lang.AssertionError: expectation "expectNextMatches" failed (expected: onNext(); actual: onError(java.lang.NullPointerException: Cannot invoke "br.tec.facilitaservicos.autenticacao.dto.UsuarioDTO.toLogString()" because "user" is null))
      at reactor.test.MessageFormatter.assertionError(MessageFormatter.java:115)
      at reactor.test.MessageFormatter.failPrefix(MessageFormatter.java:104)
      at reactor.test.MessageFormatter.fail(MessageFormatter.java:73)
      at reactor.test.MessageFormatter.failOptional(MessageFormatter.java:88)
      at reactor.test.DefaultStepVerifierBuilder.lambda$expectNextMatches$11(DefaultStepVerifierBuilder.java:556)
      at reactor.test.DefaultStepVerifierBuilder$SignalEvent.test(DefaultStepVerifierBuilder.java:2289)
      at reactor.test.DefaultStepVerifierBuilder$DefaultVerifySubscriber.onSignal(DefaultStepVerifierBuilder.java:1529)
      at reactor.test.DefaultStepVerifierBuilder$DefaultVerifySubscriber.onExpectation(DefaultStepVerifierBuilder.java:1477)
      at reactor.test.DefaultStepVerifierBuilder$DefaultVerifySubscriber.onError(DefaultStepVerifierBuilder.java:1129)
      at reactor.core.publisher.SerializedSubscriber.onError(SerializedSubscriber.java:124)
      at reactor.core.publisher.FluxTimeout$TimeoutMainSubscriber.onError(FluxTimeout.java:220)
      at reactor.core.publisher.MonoPeekTerminal$MonoTerminalPeekSubscriber.onError(MonoPeekTerminal.java:258)
      at reactor.core.publisher.MonoPeekTerminal$MonoTerminalPeekSubscriber.onComplete(MonoPeekTerminal.java:292)
      at reactor.core.publisher.FluxMap$MapConditionalSubscriber.onComplete(FluxMap.java:275)
      at reactor.core.publisher.Operators.complete(Operators.java:137)
      at reactor.core.publisher.MonoEmpty.subscribe(MonoEmpty.java:46)
      at reactor.core.publisher.Mono.subscribe(Mono.java:4576)
      at reactor.test.DefaultStepVerifierBuilder$DefaultStepVerifier.toVerifierAndSubscribe(DefaultStepVerifierBuilder.java:891)
      at reactor.test.DefaultStepVerifierBuilder$DefaultStepVerifier.verify(DefaultStepVerifierBuilder.java:831)
      at reactor.test.DefaultStepVerifierBuilder$DefaultStepVerifier.verify(DefaultStepVerifierBuilder.java:823)
      at reactor.test.DefaultStepVerifierBuilder.verifyComplete(DefaultStepVerifierBuilder.java:690)
      at br.tec.facilitaservicos.autenticacao.service.UserValidationServiceTest.deveRetornarUsuarioAnonimoQuandoNaoEncontrado(UserValidationServiceTest.java:198)
      at java.base/java.lang.reflect.Method.invoke(Method.java:565)
      at java.base/java.util.ArrayList.forEach(ArrayList.java:1604)
      at java.base/java.util.ArrayList.forEach(ArrayList.java:1604)
      Suppressed: java.lang.NullPointerException: Cannot invoke "br.tec.facilitaservicos.autenticacao.dto.UsuarioDTO.toLogString()" because "user" is null
          at br.tec.facilitaservicos.autenticacao.service.UserValidationService.lambda$getUserById$0(UserValidationService.java:100)
          at reactor.core.publisher.MonoPeekTerminal$MonoTerminalPeekSubscriber.onComplete(MonoPeekTerminal.java:289)
          ... 12 more

  [INFO] 
  [INFO] Results:
  [INFO] 
  Error:  Failures: 
  Error:    AuthServiceTest.deveFalharAutenticacaoQuandoContaBloqueada:159 
  No interactions wanted here:
  -> at br.tec.facilitaservicos.autenticacao.service.AuthServiceTest.deveFalharAutenticacaoQuandoContaBloqueada(AuthServiceTest.java:159)
  But found these interactions on mock 'passwordEncoder':
  -> at br.tec.facilitaservicos.autenticacao.service.AuthService.lambda$validateUserAndGenerateTokens$0(AuthService.java:122)
  Actually, above is the only interaction with this mock.
  Error:    AuthServiceTest.deveFalharAutenticacaoQuandoEmailNaoVerificado:195 
  No interactions wanted here:
  -> at br.tec.facilitaservicos.autenticacao.service.AuthServiceTest.deveFalharAutenticacaoQuandoEmailNaoVerificado(AuthServiceTest.java:195)
  But found these interactions on mock 'passwordEncoder':
  -> at br.tec.facilitaservicos.autenticacao.service.AuthService.lambda$validateUserAndGenerateTokens$0(AuthService.java:122)
  Actually, above is the only interaction with this mock.
  Error:    AuthServiceTest.deveFalharAutenticacaoQuandoUsuarioInativo:177 
  No interactions wanted here:
  -> at br.tec.facilitaservicos.autenticacao.service.AuthServiceTest.deveFalharAutenticacaoQuandoUsuarioInativo(AuthServiceTest.java:177)
  But found these interactions on mock 'passwordEncoder':
  -> at br.tec.facilitaservicos.autenticacao.service.AuthService.lambda$validateUserAndGenerateTokens$0(AuthService.java:122)
  Actually, above is the only interaction with this mock.
  Error:    AuthServiceTest.deveRealizarAutenticacaoComSucessoQuandoCredenciaisValidas expectation "expectNextMatches" failed (expected: onNext(); actual: onError(java.lang.NullPointerException: Cannot invoke "reactor.core.publisher.Mono.thenReturn(Object)" because the return value of 
  "br.tec.facilitaservicos.autenticacao.repository.UsuarioRepository.updateTentativasLoginFalidas(java.lang.Long, int)" is null))
  Error:    AuthServiceTest.deveRealizarIntrospeccaoComTokenValido:292 expectation "expectNextMatches" failed (predicate failed on value: RespostaIntrospeccaoDTO[ativo=false, subject=null, emissor=null, audiencia=null, expiracao=null, emissao=null, escopo=null, clienteId=null, tipoToken=null, nomeUsuario=null, autoridades=null])
  Error:    AuthServiceTest.deveRenovarTokenComSucessoQuandoRefreshTokenValido:230 expectation "expectNextMatches" failed (expected: onNext(); actual: onError(java.lang.NullPointerException: Cannot invoke "reactor.core.publisher.Mono.thenReturn(Object)" because the return value of 
  "br.tec.facilitaservicos.autenticacao.repository.RefreshTokenRepository.deactivateToken(String)" is null))
  Error:    JwtServiceTest.deveCriarClaimsCorretosParaUsuario expectation "expectNextMatches" failed (expected: onNext(); actual: onError(com.nimbusds.jose.JOSEException: Invalid private RSA key: java.security.ProviderException: Key algorithm should not be null))
  Error:    JwtServiceTest.deveGerarAccessTokenComSucesso expectation "expectNextMatches" failed (expected: onNext(); actual: onError(com.nimbusds.jose.JOSEException: Invalid private RSA key: java.security.ProviderException: Key algorithm should not be null))
  Error:    UserValidationServiceTest.deveRetornarUsuarioAnonimoQuandoNaoEncontrado:198 expectation "expectNextMatches" failed (expected: onNext(); actual: onError(java.lang.NullPointerException: Cannot invoke "br.tec.facilitaservicos.autenticacao.dto.UsuarioDTO.toLogString()" because "user" is null))
  Error:  Errors: 
  Error:    AuthServiceTest.deveRevogarRefreshTokenComSucesso:273 » NullPointer Cannot invoke "reactor.core.publisher.Mono.doOnSuccess(java.util.function.Consumer)" because the return value of "br.tec.facilitaservicos.autenticacao.repository.RefreshTokenRepository.revokeToken(String)" is null
  Error:    JwtServiceTest.deveFalharAoGerarAccessTokenQuandoErroKeyVault:151 » NullPointer p2
  Error:    JwtServiceTest.deveFalharAoGerarJwkSetQuandoErroKeyVault:182 » NullPointer p2
  [INFO] 
  Error:  Tests run: 30, Failures: 9, Errors: 3, Skipped: 0
  [INFO] 
  [INFO] ------------------------------------------------------------------------
  [INFO] BUILD FAILURE
  [INFO] ------------------------------------------------------------------------
  [INFO] Total time:  19.474 s
  [INFO] Finished at: 2025-08-29T07:35:47-03:00
  [INFO] ------------------------------------------------------------------------
  Error:  Failed to execute goal org.apache.maven.plugins:maven-surefire-plugin:3.2.5:test (default-test) on project autenticacao: There are test failures.
  Error:  
  Error:  Please refer to /home/runner/work/conexao-de-sorte-backend-autenticacao/conexao-de-sorte-backend-autenticacao/target/surefire-reports for the individual test results.
  Error:  Please refer to dump files (if any exist) [date].dump, [date]-jvmRun[N].dump and [date].dumpstream.
  Error:  -> [Help 1]
  Error:  
  Error:  To see the full stack trace of the errors, re-run Maven with the -e switch.
  Error:  Re-run Maven using the -X switch to enable full debug logging.
  Error:  
  Error:  For more information about the errors and possible solutions, please read the following articles:
  Error:  [Help 1] http://cwiki.apache.org/confluence/display/MAVEN/MojoFailureException
  Error: Process completed with exit code 1.

⏺ Vou analisar e corrigir os erros no microserviço de autenticação. Os principais problemas são:

  1. Mocks retornando null - métodos dos repositórios não estão sendo mockados corretamente
  2. Testes de verificação de interação - expectativas incorretas nos mocks
  3. NullPointerException em validações

  Vou corrigir esses problemas defensivamente:

⏺ Read(/Volumes/NVME/Projetos/conexao-de-sorte-backend-autenticacao/src/test/java/br/tec/facilitaservicos/autenticacao/service/AuthServiceTest.java)
  ⎿  Error reading file
  ⎿  Read ../conexao-de-sorte-chatbot/.github/workflows/ci-cd.yml (351 lines)
  ⎿  Read ../conexao-de-sorte-chatbot/src/test/resources/application-test.yml (42 lines)
  ⎿  Read ../conexao-de-sorte-chatbot/src/test/java/br/tec/facilitaservicos/chatbot/SimpleTest.java (17 lines)
  ⎿  Referenced file ../conexao-de-sorte-chatbot/src/main/java/br/tec/facilitaservicos/chatbot/configuracao/SecurityConfig.java
  ⎿  Read ../conexao-de-sorte-chatbot/src/main/java/br/tec/facilitaservicos/chatbot/domain/jogobicho/repository/ApostaReactiveRepository.java (165 lines)

⏺ I'll continue fixing the authentication microservice errors. Let me read the test files to analyze the failures shown in your logs.

⏺ Read(/Volumes/NVME/Projetos/conexao-de-sorte-backend-autenticacao/src/test/java/br/tec/facilitaservicos/autenticacao/service/UsuarioServiceTest.java)
  ⎿  Error reading file

⏺ Bash(cd /Volumes/NVME/Projetos/conexao-de-sorte-backend-autenticacao && find . -name "*Test.java" -type f)
  ⎿  Error: (eval):cd:1: no such file or directory: /Volumes/NVME/Projetos/conexao-de-sorte-backend-autenticacao

⏺ List(/Volumes/NVME/Projetos)
  ⎿  Listed 738 paths (ctrl+r to expand)

⏺ Bash(find /Volumes/NVME/Projetos/conexao-de-sorte-backend-autenticacao -name "*Test.java" -type f 2>/dev/null)
  ⎿  Some directories were inaccessible

⏺ List(/Volumes/NVME/Projetos/conexao-de-sorte-backend-autenticacao/src)
  ⎿  Listed 2 paths (ctrl+r to expand)

⏺ List(/Volumes/NVME/Projetos/conexao-de-sorte-backend-autenticacao)
  ⎿  Listed 2 paths (ctrl+r to expand)

⏺ Bash(find /Volumes/NVME/Projetos -name "*autenticacao*" -type d 2>/dev/null)
  ⎿  /Volumes/NVME/Projetos/Microservicos/conexao-microservices-repos/conexao-de-sorte-auth-microservice/src/main/java/br/tec/facilitaservicos/autenticacao
     /Volumes/NVME/Projetos/Microservicos/conexao-de-sorte-backend-autenticacao
     /Volumes/NVME/Projetos/Microservicos/conexao-de-sorte-backend-autenticacao/target/test-classes/br/tec/facilitaservicos/autenticacao
     … +39 lines (ctrl+r to expand)

⏺ List(/Volumes/NVME/Projetos/Microservicos/conexao-de-sorte-backend-autenticacao/src/test/java/br/tec/facilitaservicos/autenticacao)
  ⎿  Listed 20 paths (ctrl+r to expand)

⏺ Read(/Volumes/NVME/Projetos/Microservicos/conexao-de-sorte-backend-autenticacao/src/test/java/br/tec/facilitaservicos/autenticacao/service/AuthServiceTest.java)
  ⎿  Read 329 lines (ctrl+r to expand)

⏺ Now I need to read the other failing test files mentioned in the error logs.

⏺ Read(/Volumes/NVME/Projetos/Microservicos/conexao-de-sorte-backend-autenticacao/src/test/java/br/tec/facilitaservicos/autenticacao/service/JwtServiceTest.java)
  ⎿  Read 209 lines (ctrl+r to expand)

⏺ Read(/Volumes/NVME/Projetos/Microservicos/conexao-de-sorte-backend-autenticacao/src/test/java/br/tec/facilitaservicos/autenticacao/service/UserValidationServiceTest.java)
  ⎿  Read 278 lines (ctrl+r to expand)
  ⎿  5-hour limit reached ∙ resets 1pm
     /upgrade to increase your usage limit.